<?xml version="1.0" encoding="UTF-8"?>
<!-- Generated by org.testng.reporters.JUnitXMLReporter -->
<testsuite ignored="0" hostname="DESKTOP-TK74BCL" failures="2" tests="17" name="Test" time="4.397" errors="0" timestamp="2025-04-08T13:39:18 IST">
  <testcase classname="PracticeProblemsSelenium.PracticeSelenium" name="@AfterMethod afterTest" time="0.083">
    <failure type="org.openqa.selenium.WebDriverException" message="Timed out waiting for driver server to stop.
Build info: version: &amp;apos;4.29.0&amp;apos;, revision: &amp;apos;5fc1ec94cb&amp;apos;
System info: os.name: &amp;apos;Windows 11&amp;apos;, os.arch: &amp;apos;amd64&amp;apos;, os.version: &amp;apos;10.0&amp;apos;, java.version: &amp;apos;17.0.7&amp;apos;
Driver info: org.openqa.selenium.chrome.ChromeDriver
Command: [82f78c6b31d792c781b69dd93489532d, quit {}]
Capabilities {acceptInsecureCerts: false, browserName: chrome, browserVersion: 135.0.7049.42, chrome: {chromedriverVersion: 135.0.7049.42 (0f351bbd2617..., userDataDir: C:\Users\prita\AppData\Loca...}, fedcm:accounts: true, goog:chromeOptions: {debuggerAddress: localhost:52241}, networkConnectionEnabled: false, pageLoadStrategy: normal, platformName: windows, proxy: Proxy(), se:cdp: ws://localhost:52241/devtoo..., se:cdpVersion: 135.0.7049.42, setWindowRect: true, strictFileInteractability: false, timeouts: {implicit: 0, pageLoad: 300000, script: 30000}, unhandledPromptBehavior: dismiss and notify, webauthn:extension:credBlob: true, webauthn:extension:largeBlob: true, webauthn:extension:minPinLength: true, webauthn:extension:prf: true, webauthn:virtualAuthenticators: true}
Session ID: 82f78c6b31d792c781b69dd93489532d">
      <![CDATA[org.openqa.selenium.WebDriverException: Timed out waiting for driver server to stop.
Build info: version: '4.29.0', revision: '5fc1ec94cb'
System info: os.name: 'Windows 11', os.arch: 'amd64', os.version: '10.0', java.version: '17.0.7'
Driver info: org.openqa.selenium.chrome.ChromeDriver
Command: [82f78c6b31d792c781b69dd93489532d, quit {}]
Capabilities {acceptInsecureCerts: false, browserName: chrome, browserVersion: 135.0.7049.42, chrome: {chromedriverVersion: 135.0.7049.42 (0f351bbd2617..., userDataDir: C:\Users\prita\AppData\Loca...}, fedcm:accounts: true, goog:chromeOptions: {debuggerAddress: localhost:52241}, networkConnectionEnabled: false, pageLoadStrategy: normal, platformName: windows, proxy: Proxy(), se:cdp: ws://localhost:52241/devtoo..., se:cdpVersion: 135.0.7049.42, setWindowRect: true, strictFileInteractability: false, timeouts: {implicit: 0, pageLoad: 300000, script: 30000}, unhandledPromptBehavior: dismiss and notify, webauthn:extension:credBlob: true, webauthn:extension:largeBlob: true, webauthn:extension:minPinLength: true, webauthn:extension:prf: true, webauthn:virtualAuthenticators: true}
Session ID: 82f78c6b31d792c781b69dd93489532d
at org.openqa.selenium.remote.service.DriverCommandExecutor.execute(DriverCommandExecutor.java:164)
at org.openqa.selenium.remote.RemoteWebDriver.execute(RemoteWebDriver.java:545)
at org.openqa.selenium.remote.RemoteWebDriver.execute(RemoteWebDriver.java:618)
at org.openqa.selenium.remote.RemoteWebDriver.execute(RemoteWebDriver.java:622)
at org.openqa.selenium.remote.RemoteWebDriver.quit(RemoteWebDriver.java:446)
at org.openqa.selenium.chromium.ChromiumDriver.quit(ChromiumDriver.java:418)
at PracticeProblemsSelenium.PracticeSelenium.afterTest(PracticeSelenium.java:313)
at java.base/java.util.concurrent.Executors$RunnableAdapter.call(Executors.java:539)
at java.base/java.util.concurrent.FutureTask.run(FutureTask.java:264)
at java.base/java.util.concurrent.ThreadPoolExecutor.runWorker(ThreadPoolExecutor.java:1136)
at java.base/java.util.concurrent.ThreadPoolExecutor$Worker.run(ThreadPoolExecutor.java:635)
at java.base/java.lang.Thread.run(Thread.java:833)
Caused by: java.util.concurrent.ExecutionException: java.util.concurrent.RejectedExecutionException: Task java.util.concurrent.FutureTask@7ff0cf57[Not completed, task = java.util.concurrent.Executors$RunnableAdapter@3ecdc56c[Wrapped task = org.openqa.selenium.remote.http.jdk.JdkHttpClient$$Lambda$600/0x00000008002a1cb8@3af2466d]] rejected from java.util.concurrent.ThreadPoolExecutor@1e736771[Terminated, pool size = 0, active threads = 0, queued tasks = 0, completed tasks = 97]
at java.base/java.util.concurrent.CompletableFuture.reportGet(CompletableFuture.java:396)
at java.base/java.util.concurrent.CompletableFuture.get(CompletableFuture.java:2096)
at org.openqa.selenium.remote.service.DriverCommandExecutor.execute(DriverCommandExecutor.java:160)
... 29 more
Caused by: java.util.concurrent.RejectedExecutionException: Task java.util.concurrent.FutureTask@7ff0cf57[Not completed, task = java.util.concurrent.Executors$RunnableAdapter@3ecdc56c[Wrapped task = org.openqa.selenium.remote.http.jdk.JdkHttpClient$$Lambda$600/0x00000008002a1cb8@3af2466d]] rejected from java.util.concurrent.ThreadPoolExecutor@1e736771[Terminated, pool size = 0, active threads = 0, queued tasks = 0, completed tasks = 97]
at java.base/java.util.concurrent.ThreadPoolExecutor$AbortPolicy.rejectedExecution(ThreadPoolExecutor.java:2065)
at java.base/java.util.concurrent.ThreadPoolExecutor.reject(ThreadPoolExecutor.java:833)
at java.base/java.util.concurrent.ThreadPoolExecutor.execute(ThreadPoolExecutor.java:1365)
at java.base/java.util.concurrent.AbstractExecutorService.submit(AbstractExecutorService.java:123)
at org.openqa.selenium.remote.http.jdk.JdkHttpClient.executeAsync(JdkHttpClient.java:381)
at org.openqa.selenium.remote.http.jdk.JdkHttpClient.execute(JdkHttpClient.java:410)
at org.openqa.selenium.remote.HttpCommandExecutor.execute(HttpCommandExecutor.java:212)
at org.openqa.selenium.remote.service.DriverCommandExecutor.invokeExecute(DriverCommandExecutor.java:216)
at org.openqa.selenium.remote.service.DriverCommandExecutor.lambda$execute$1(DriverCommandExecutor.java:126)
at java.base/java.util.concurrent.CompletableFuture$AsyncSupply.run(CompletableFuture.java:1768)
... 3 more
... Removed 18 stack frames]]>
    </failure>
  </testcase> <!-- @AfterMethod afterTest -->
  <testcase classname="PracticeProblemsSelenium.PracticeSelenium" name="@BeforeMethod beforeEachtest" time="0.0">
    <skipped/>
  </testcase> <!-- @BeforeMethod beforeEachtest -->
  <testcase classname="PracticeProblemsSelenium.PracticeSelenium" name="@AfterMethod afterTest" time="0.0">
    <skipped/>
  </testcase> <!-- @AfterMethod afterTest -->
  <testcase classname="PracticeProblemsSelenium.PracticeSelenium" name="@BeforeMethod beforeEachtest" time="0.0">
    <skipped/>
  </testcase> <!-- @BeforeMethod beforeEachtest -->
  <testcase classname="PracticeProblemsSelenium.PracticeSelenium" name="@AfterMethod afterTest" time="0.0">
    <skipped/>
  </testcase> <!-- @AfterMethod afterTest -->
  <testcase classname="PracticeProblemsSelenium.PracticeSelenium" name="@BeforeMethod beforeEachtest" time="0.0">
    <skipped/>
  </testcase> <!-- @BeforeMethod beforeEachtest -->
  <testcase classname="PracticeProblemsSelenium.PracticeSelenium" name="@AfterMethod afterTest" time="0.0">
    <skipped/>
  </testcase> <!-- @AfterMethod afterTest -->
  <testcase classname="PracticeProblemsSelenium.PracticeSelenium" name="@BeforeMethod beforeEachtest" time="0.0">
    <skipped/>
  </testcase> <!-- @BeforeMethod beforeEachtest -->
  <testcase classname="PracticeProblemsSelenium.PracticeSelenium" name="@BeforeMethod beforeEachtest" time="0.0">
    <skipped/>
  </testcase> <!-- @BeforeMethod beforeEachtest -->
  <testcase classname="PracticeProblemsSelenium.PracticeSelenium" name="@AfterMethod afterTest" time="0.0">
    <skipped/>
  </testcase> <!-- @AfterMethod afterTest -->
  <testcase classname="PracticeProblemsSelenium.PracticeSelenium" name="@AfterMethod afterTest" time="0.0">
    <skipped/>
  </testcase> <!-- @AfterMethod afterTest -->
  <testcase classname="PracticeProblemsSelenium.PracticeSelenium" name="@BeforeMethod beforeEachtest" time="0.0">
    <skipped/>
  </testcase> <!-- @BeforeMethod beforeEachtest -->
  <testcase classname="PracticeProblemsSelenium.PracticeSelenium" name="@BeforeMethod beforeEachtest" time="0.0">
    <skipped/>
  </testcase> <!-- @BeforeMethod beforeEachtest -->
  <testcase classname="PracticeProblemsSelenium.PracticeSelenium" name="@AfterMethod afterTest" time="0.0">
    <skipped/>
  </testcase> <!-- @AfterMethod afterTest -->
  <testcase classname="PracticeProblemsSelenium.PracticeSelenium" name="@AfterMethod afterTest" time="0.0">
    <skipped/>
  </testcase> <!-- @AfterMethod afterTest -->
  <testcase classname="PracticeProblemsSelenium.PracticeSelenium" name="@BeforeMethod beforeEachtest" time="0.0">
    <skipped/>
  </testcase> <!-- @BeforeMethod beforeEachtest -->
  <testcase classname="PracticeProblemsSelenium.PracticeSelenium" name="@BeforeMethod beforeEachtest" time="0.0">
    <skipped/>
  </testcase> <!-- @BeforeMethod beforeEachtest -->
  <testcase classname="PracticeProblemsSelenium.PracticeSelenium" name="@AfterMethod afterTest" time="0.0">
    <skipped/>
  </testcase> <!-- @AfterMethod afterTest -->
  <testcase classname="PracticeProblemsSelenium.PracticeSelenium" name="@AfterMethod afterTest" time="0.0">
    <skipped/>
  </testcase> <!-- @AfterMethod afterTest -->
  <testcase classname="PracticeProblemsSelenium.PracticeSelenium" name="@BeforeMethod beforeEachtest" time="0.0">
    <skipped/>
  </testcase> <!-- @BeforeMethod beforeEachtest -->
  <testcase classname="PracticeProblemsSelenium.PracticeSelenium" name="@BeforeMethod beforeEachtest" time="0.0">
    <skipped/>
  </testcase> <!-- @BeforeMethod beforeEachtest -->
  <testcase classname="PracticeProblemsSelenium.PracticeSelenium" name="@AfterMethod afterTest" time="0.0">
    <skipped/>
  </testcase> <!-- @AfterMethod afterTest -->
  <testcase classname="PracticeProblemsSelenium.PracticeSelenium" name="@AfterMethod afterTest" time="0.0">
    <skipped/>
  </testcase> <!-- @AfterMethod afterTest -->
  <testcase classname="PracticeProblemsSelenium.PracticeSelenium" name="@BeforeMethod beforeEachtest" time="0.0">
    <skipped/>
  </testcase> <!-- @BeforeMethod beforeEachtest -->
  <testcase classname="PracticeProblemsSelenium.PracticeSelenium" name="@BeforeMethod beforeEachtest" time="0.0">
    <skipped/>
  </testcase> <!-- @BeforeMethod beforeEachtest -->
  <testcase classname="PracticeProblemsSelenium.PracticeSelenium" name="@AfterMethod afterTest" time="0.0">
    <skipped/>
  </testcase> <!-- @AfterMethod afterTest -->
  <testcase classname="PracticeProblemsSelenium.PracticeSelenium" name="@AfterMethod afterTest" time="0.0">
    <skipped/>
  </testcase> <!-- @AfterMethod afterTest -->
  <testcase classname="PracticeProblemsSelenium.PracticeSelenium" name="@BeforeMethod beforeEachtest" time="0.0">
    <skipped/>
  </testcase> <!-- @BeforeMethod beforeEachtest -->
  <testcase classname="PracticeProblemsSelenium.PracticeSelenium" name="@BeforeMethod beforeEachtest" time="0.0">
    <skipped/>
  </testcase> <!-- @BeforeMethod beforeEachtest -->
  <testcase classname="PracticeProblemsSelenium.PracticeSelenium" name="@AfterMethod afterTest" time="0.0">
    <skipped/>
  </testcase> <!-- @AfterMethod afterTest -->
  <testcase classname="PracticeProblemsSelenium.PracticeSelenium" name="@AfterMethod afterTest" time="0.0">
    <skipped/>
  </testcase> <!-- @AfterMethod afterTest -->
  <testcase classname="PracticeProblemsSelenium.PracticeSelenium" name="testActionClass" time="3.05">
    <failure type="org.openqa.selenium.UnhandledAlertException" message="unexpected alert open: {Alert text : Hello Pritam, share this practice page and share your knowledge}
  (Session info: chrome=135.0.7049.42): Hello Pritam, share this practice page and share your knowledge
Build info: version: &amp;apos;4.29.0&amp;apos;, revision: &amp;apos;5fc1ec94cb&amp;apos;
System info: os.name: &amp;apos;Windows 11&amp;apos;, os.arch: &amp;apos;amd64&amp;apos;, os.version: &amp;apos;10.0&amp;apos;, java.version: &amp;apos;17.0.7&amp;apos;
Driver info: org.openqa.selenium.chrome.ChromeDriver
Command: [82f78c6b31d792c781b69dd93489532d, findElement {value=autocomplete, using=id}]
Capabilities {acceptInsecureCerts: false, browserName: chrome, browserVersion: 135.0.7049.42, chrome: {chromedriverVersion: 135.0.7049.42 (0f351bbd2617..., userDataDir: C:\Users\prita\AppData\Loca...}, fedcm:accounts: true, goog:chromeOptions: {debuggerAddress: localhost:52241}, networkConnectionEnabled: false, pageLoadStrategy: normal, platformName: windows, proxy: Proxy(), se:cdp: ws://localhost:52241/devtoo..., se:cdpVersion: 135.0.7049.42, setWindowRect: true, strictFileInteractability: false, timeouts: {implicit: 0, pageLoad: 300000, script: 30000}, unhandledPromptBehavior: dismiss and notify, webauthn:extension:credBlob: true, webauthn:extension:largeBlob: true, webauthn:extension:minPinLength: true, webauthn:extension:prf: true, webauthn:virtualAuthenticators: true}
Session ID: 82f78c6b31d792c781b69dd93489532d">
      <![CDATA[org.openqa.selenium.UnhandledAlertException: unexpected alert open: {Alert text : Hello Pritam, share this practice page and share your knowledge}
  (Session info: chrome=135.0.7049.42): Hello Pritam, share this practice page and share your knowledge
Build info: version: '4.29.0', revision: '5fc1ec94cb'
System info: os.name: 'Windows 11', os.arch: 'amd64', os.version: '10.0', java.version: '17.0.7'
Driver info: org.openqa.selenium.chrome.ChromeDriver
Command: [82f78c6b31d792c781b69dd93489532d, findElement {value=autocomplete, using=id}]
Capabilities {acceptInsecureCerts: false, browserName: chrome, browserVersion: 135.0.7049.42, chrome: {chromedriverVersion: 135.0.7049.42 (0f351bbd2617..., userDataDir: C:\Users\prita\AppData\Loca...}, fedcm:accounts: true, goog:chromeOptions: {debuggerAddress: localhost:52241}, networkConnectionEnabled: false, pageLoadStrategy: normal, platformName: windows, proxy: Proxy(), se:cdp: ws://localhost:52241/devtoo..., se:cdpVersion: 135.0.7049.42, setWindowRect: true, strictFileInteractability: false, timeouts: {implicit: 0, pageLoad: 300000, script: 30000}, unhandledPromptBehavior: dismiss and notify, webauthn:extension:credBlob: true, webauthn:extension:largeBlob: true, webauthn:extension:minPinLength: true, webauthn:extension:prf: true, webauthn:virtualAuthenticators: true}
Session ID: 82f78c6b31d792c781b69dd93489532d
at org.openqa.selenium.remote.codec.w3c.W3CHttpResponseCodec.decode(W3CHttpResponseCodec.java:136)
at org.openqa.selenium.remote.codec.w3c.W3CHttpResponseCodec.decode(W3CHttpResponseCodec.java:50)
at org.openqa.selenium.remote.HttpCommandExecutor.execute(HttpCommandExecutor.java:215)
at org.openqa.selenium.remote.service.DriverCommandExecutor.invokeExecute(DriverCommandExecutor.java:216)
at org.openqa.selenium.remote.service.DriverCommandExecutor.execute(DriverCommandExecutor.java:174)
at org.openqa.selenium.remote.RemoteWebDriver.execute(RemoteWebDriver.java:545)
at org.openqa.selenium.remote.ElementLocation$ElementFinder$2.findElement(ElementLocation.java:165)
at org.openqa.selenium.remote.ElementLocation.findElement(ElementLocation.java:59)
at org.openqa.selenium.remote.RemoteWebDriver.findElement(RemoteWebDriver.java:368)
at org.openqa.selenium.remote.RemoteWebDriver.findElement(RemoteWebDriver.java:362)
at PracticeProblemsSelenium.PracticeSelenium.testActionClass(PracticeSelenium.java:123)
at java.base/java.util.concurrent.Executors$RunnableAdapter.call(Executors.java:539)
at java.base/java.util.concurrent.FutureTask.run(FutureTask.java:264)
at java.base/java.util.concurrent.ThreadPoolExecutor.runWorker(ThreadPoolExecutor.java:1136)
at java.base/java.util.concurrent.ThreadPoolExecutor$Worker.run(ThreadPoolExecutor.java:635)
at java.base/java.lang.Thread.run(Thread.java:833)
... Removed 13 stack frames]]>
    </failure>
  </testcase> <!-- testActionClass -->
  <testcase classname="PracticeProblemsSelenium.PracticeSelenium" name="testAlerts" time="3.076">
    <failure type="org.openqa.selenium.NoAlertPresentException" message="no such alert
  (Session info: chrome=135.0.7049.42)
Build info: version: &amp;apos;4.29.0&amp;apos;, revision: &amp;apos;5fc1ec94cb&amp;apos;
System info: os.name: &amp;apos;Windows 11&amp;apos;, os.arch: &amp;apos;amd64&amp;apos;, os.version: &amp;apos;10.0&amp;apos;, java.version: &amp;apos;17.0.7&amp;apos;
Driver info: org.openqa.selenium.chrome.ChromeDriver
Command: [82f78c6b31d792c781b69dd93489532d, getAlertText {}]
Capabilities {acceptInsecureCerts: false, browserName: chrome, browserVersion: 135.0.7049.42, chrome: {chromedriverVersion: 135.0.7049.42 (0f351bbd2617..., userDataDir: C:\Users\prita\AppData\Loca...}, fedcm:accounts: true, goog:chromeOptions: {debuggerAddress: localhost:52241}, networkConnectionEnabled: false, pageLoadStrategy: normal, platformName: windows, proxy: Proxy(), se:cdp: ws://localhost:52241/devtoo..., se:cdpVersion: 135.0.7049.42, setWindowRect: true, strictFileInteractability: false, timeouts: {implicit: 0, pageLoad: 300000, script: 30000}, unhandledPromptBehavior: dismiss and notify, webauthn:extension:credBlob: true, webauthn:extension:largeBlob: true, webauthn:extension:minPinLength: true, webauthn:extension:prf: true, webauthn:virtualAuthenticators: true}
Session ID: 82f78c6b31d792c781b69dd93489532d">
      <![CDATA[org.openqa.selenium.NoAlertPresentException: no such alert
  (Session info: chrome=135.0.7049.42)
Build info: version: '4.29.0', revision: '5fc1ec94cb'
System info: os.name: 'Windows 11', os.arch: 'amd64', os.version: '10.0', java.version: '17.0.7'
Driver info: org.openqa.selenium.chrome.ChromeDriver
Command: [82f78c6b31d792c781b69dd93489532d, getAlertText {}]
Capabilities {acceptInsecureCerts: false, browserName: chrome, browserVersion: 135.0.7049.42, chrome: {chromedriverVersion: 135.0.7049.42 (0f351bbd2617..., userDataDir: C:\Users\prita\AppData\Loca...}, fedcm:accounts: true, goog:chromeOptions: {debuggerAddress: localhost:52241}, networkConnectionEnabled: false, pageLoadStrategy: normal, platformName: windows, proxy: Proxy(), se:cdp: ws://localhost:52241/devtoo..., se:cdpVersion: 135.0.7049.42, setWindowRect: true, strictFileInteractability: false, timeouts: {implicit: 0, pageLoad: 300000, script: 30000}, unhandledPromptBehavior: dismiss and notify, webauthn:extension:credBlob: true, webauthn:extension:largeBlob: true, webauthn:extension:minPinLength: true, webauthn:extension:prf: true, webauthn:virtualAuthenticators: true}
Session ID: 82f78c6b31d792c781b69dd93489532d
at org.openqa.selenium.remote.ErrorCodec.decode(ErrorCodec.java:167)
at org.openqa.selenium.remote.codec.w3c.W3CHttpResponseCodec.decode(W3CHttpResponseCodec.java:138)
at org.openqa.selenium.remote.codec.w3c.W3CHttpResponseCodec.decode(W3CHttpResponseCodec.java:50)
at org.openqa.selenium.remote.HttpCommandExecutor.execute(HttpCommandExecutor.java:215)
at org.openqa.selenium.remote.service.DriverCommandExecutor.invokeExecute(DriverCommandExecutor.java:216)
at org.openqa.selenium.remote.service.DriverCommandExecutor.execute(DriverCommandExecutor.java:174)
at org.openqa.selenium.remote.RemoteWebDriver.execute(RemoteWebDriver.java:545)
at org.openqa.selenium.remote.RemoteWebDriver.execute(RemoteWebDriver.java:618)
at org.openqa.selenium.remote.RemoteWebDriver.execute(RemoteWebDriver.java:622)
at org.openqa.selenium.remote.RemoteWebDriver$RemoteTargetLocator.alert(RemoteWebDriver.java:1194)
at PracticeProblemsSelenium.PracticeSelenium.testAlerts(PracticeSelenium.java:82)
at java.base/java.util.concurrent.Executors$RunnableAdapter.call(Executors.java:539)
at java.base/java.util.concurrent.FutureTask.run(FutureTask.java:264)
at java.base/java.util.concurrent.ThreadPoolExecutor.runWorker(ThreadPoolExecutor.java:1136)
at java.base/java.util.concurrent.ThreadPoolExecutor$Worker.run(ThreadPoolExecutor.java:635)
at java.base/java.lang.Thread.run(Thread.java:833)
... Removed 18 stack frames]]>
    </failure>
  </testcase> <!-- testAlerts -->
  <testcase classname="PracticeProblemsSelenium.PracticeSelenium" name="testBrokenLinks" time="0.0">
    <skipped/>
  </testcase> <!-- testBrokenLinks -->
  <testcase classname="PracticeProblemsSelenium.PracticeSelenium" name="testCheckboxes" time="0.0">
    <skipped/>
  </testcase> <!-- testCheckboxes -->
  <testcase classname="PracticeProblemsSelenium.PracticeSelenium" name="testChromeOptions" time="0.0">
    <skipped/>
  </testcase> <!-- testChromeOptions -->
  <testcase classname="PracticeProblemsSelenium.PracticeSelenium" name="testDropdowns" time="0.0">
    <skipped/>
  </testcase> <!-- testDropdowns -->
  <testcase classname="PracticeProblemsSelenium.PracticeSelenium" name="testDataProvider" time="0.0">
    <skipped/>
  </testcase> <!-- testDataProvider -->
  <testcase classname="PracticeProblemsSelenium.PracticeSelenium" name="testElementScreenshot" time="0.0">
    <skipped/>
  </testcase> <!-- testElementScreenshot -->
  <testcase classname="PracticeProblemsSelenium.PracticeSelenium" name="testDataProvider" time="0.0">
    <skipped/>
  </testcase> <!-- testDataProvider -->
  <testcase classname="PracticeProblemsSelenium.PracticeSelenium" name="testFrames" time="0.0">
    <skipped/>
  </testcase> <!-- testFrames -->
  <testcase classname="PracticeProblemsSelenium.PracticeSelenium" name="testDataProvider" time="0.0">
    <skipped/>
  </testcase> <!-- testDataProvider -->
  <testcase classname="PracticeProblemsSelenium.PracticeSelenium" name="testJavaStreams" time="0.0">
    <skipped/>
  </testcase> <!-- testJavaStreams -->
  <testcase classname="PracticeProblemsSelenium.PracticeSelenium" name="testJavascriptexecutor" time="0.0">
    <skipped/>
  </testcase> <!-- testJavascriptexecutor -->
  <testcase classname="PracticeProblemsSelenium.PracticeSelenium" name="testLoginPagePracticeWithSynchronization" time="0.0">
    <skipped/>
  </testcase> <!-- testLoginPagePracticeWithSynchronization -->
  <testcase classname="PracticeProblemsSelenium.PracticeSelenium" name="testNewWindowOrTab" time="0.0">
    <skipped/>
  </testcase> <!-- testNewWindowOrTab -->
  <testcase classname="PracticeProblemsSelenium.PracticeSelenium" name="testTakeScreenshot" time="0.0">
    <skipped/>
  </testcase> <!-- testTakeScreenshot -->
  <testcase classname="PracticeProblemsSelenium.PracticeSelenium" name="testWindowHandle" time="0.0">
    <skipped/>
  </testcase> <!-- testWindowHandle -->
</testsuite> <!-- Test -->
